#
# A fatal error has been detected by the Java Runtime Environment:
#
#  EXCEPTION_ACCESS_VIOLATION (0xc0000005) at pc=0x00007ff96e9ea1a5, pid=11908, tid=1956
#
# JRE version: Java(TM) SE Runtime Environment (9.0+11) (build 9.0.4+11)
# Java VM: Java HotSpot(TM) 64-Bit Server VM (9.0.4+11, mixed mode, tiered, compressed oops, g1 gc, windows-amd64)
# Problematic frame:
# C  [librdi_common.dll+0x17a1a5]
#
# No core dump will be written. Minidumps are not enabled by default on client versions of Windows
#
# If you would like to submit a bug report, please visit:
#   http://bugreport.java.com/bugreport/crash.jsp
# The crash happened outside the Java Virtual Machine in native code.
# See problematic frame for where to report the bug.
#

---------------  S U M M A R Y ------------

Command Line: -Dsun.java2d.pmoffscreen=false -Dsun.java2d.xrender=false -Dsun.java2d.d3d=false -Dsun.awt.nopixfmt=true -Dsun.java2d.dpiaware=true -Dsun.java2d.uiScale.enabled=false -Xverify:none -Dswing.aatext=true -XX:-UsePerfData -Djdk.map.althashing.threshold=512 -XX:StringTableSize=4072 --add-opens=java.base/java.nio=ALL-UNNAMED --add-opens=java.desktop/sun.swing=ALL-UNNAMED --add-opens=java.desktop/javax.swing=ALL-UNNAMED --add-opens=java.desktop/javax.swing.tree=ALL-UNNAMED --add-opens=java.desktop/javax.swing.plaf.basic=ALL-UNNAMED --add-opens=java.desktop/javax.swing.plaf.synth=ALL-UNNAMED --add-opens=java.desktop/com.sun.awt=ALL-UNNAMED -XX:NewSize=60m -XX:MaxNewSize=60m -Xms128m -Xmx3072m -Xss5m 

Host: Intel(R) Core(TM)2 Duo CPU     E8500  @ 3.16GHz, 2 cores, 3G,  Windows 10 , 64 bit Build 17134 (10.0.17134.753)
Time: Tue Feb 25 16:25:15 2020 Pacific Standard Time elapsed time: 10427 seconds (0d 2h 53m 47s)

---------------  T H R E A D  ---------------

Current thread (0x0000027144f9f000):  JavaThread "AWT-EventQueue-1" [_thread_in_native, id=1956, stack(0x000000e19d400000,0x000000e19d900000)]

Stack: [0x000000e19d400000,0x000000e19d900000],  sp=0x000000e19d8faec0,  free space=5099k
Native frames: (J=compiled Java code, j=interpreted, Vv=VM code, C=native code)
C  [librdi_common.dll+0x17a1a5]
C  [librdi_common.dll+0x16ee15]
C  [librdi_common.dll+0x1386da]
C  0x00007ff93ad31eff
C  0x00007ff93adb21df
C  0x00007ff93adb9e19
C  0x00007ff93ad8a4cb
C  0x00007ff93adc6de7
C  0x000002713792b9ba

Java frames: (J=compiled Java code, j=interpreted, Vv=VM code)
J 25529  ui.views.waveform.waveformi.WVExecutive_getTooltipTextDelayed(J)Ljava/lang/String; (0 bytes) @ 0x000002713792b921 [0x000002713792b8e0+0x0000000000000041]
J 28031 c2 ui.views.waveform.b.a.mouseMoved(Ljava/awt/event/MouseEvent;)V (32 bytes) @ 0x000002713720e44c [0x000002713720e2a0+0x00000000000001ac]
J 17003 c2 java.awt.AWTEventMulticaster.mouseMoved(Ljava/awt/event/MouseEvent;)V java.desktop@9.0.4 (27 bytes) @ 0x00000271373d5f74 [0x00000271373d5ec0+0x00000000000000b4]
J 17003 c2 java.awt.AWTEventMulticaster.mouseMoved(Ljava/awt/event/MouseEvent;)V java.desktop@9.0.4 (27 bytes) @ 0x00000271373d5f34 [0x00000271373d5ec0+0x0000000000000074]
J 17112 c2 javax.swing.JComponent.processMouseMotionEvent(Ljava/awt/event/MouseEvent;)V java.desktop@9.0.4 (46 bytes) @ 0x00000271374de600 [0x00000271374de4e0+0x0000000000000120]
J 28010 c2 ui.frmwork.c.i.processMouseMotionEvent(Ljava/awt/event/MouseEvent;)V (131 bytes) @ 0x0000027137090968 [0x00000271370906a0+0x00000000000002c8]
J 10435 c2 java.awt.Container.processEvent(Ljava/awt/AWTEvent;)V java.desktop@9.0.4 (22 bytes) @ 0x00000271371c0fa4 [0x00000271371c0e20+0x0000000000000184]
J 27254 c2 java.awt.Component.dispatchEventImpl(Ljava/awt/AWTEvent;)V java.desktop@9.0.4 (739 bytes) @ 0x0000027137dcf29c [0x0000027137dce8c0+0x00000000000009dc]
J 27105 c2 java.awt.Container.dispatchEventImpl(Ljava/awt/AWTEvent;)V java.desktop@9.0.4 (129 bytes) @ 0x0000027137ac0260 [0x0000027137ac0180+0x00000000000000e0]
J 27052 c2 java.awt.LightweightDispatcher.retargetMouseEvent(Ljava/awt/Component;ILjava/awt/event/MouseEvent;)V java.desktop@9.0.4 (350 bytes) @ 0x00000271376b7a54 [0x00000271376b74a0+0x00000000000005b4]
J 27105 c2 java.awt.Container.dispatchEventImpl(Ljava/awt/AWTEvent;)V java.desktop@9.0.4 (129 bytes) @ 0x0000027137ac09f8 [0x0000027137ac0180+0x0000000000000878]
J 16755 c2 java.awt.Window.dispatchEventImpl(Ljava/awt/AWTEvent;)V java.desktop@9.0.4 (23 bytes) @ 0x000002713723bd8c [0x000002713723bd40+0x000000000000004c]
J 13881 c2 java.awt.EventQueue$3.run()Ljava/lang/Void; java.desktop@9.0.4 (60 bytes) @ 0x000002713742a778 [0x000002713742a1a0+0x00000000000005d8]
J 14406 c2 java.awt.EventQueue$3.run()Ljava/lang/Object; java.desktop@9.0.4 (5 bytes) @ 0x00000271374e47d4 [0x00000271374e47a0+0x0000000000000034]
v  ~StubRoutines::call_stub
J 4293  java.security.AccessController.doPrivileged(Ljava/security/PrivilegedAction;Ljava/security/AccessControlContext;)Ljava/lang/Object; java.base@9.0.4 (0 bytes) @ 0x0000027136d580c6 [0x0000027136d58060+0x0000000000000066]
J 16135 c2 java.awt.EventQueue$4.run()Ljava/lang/Object; java.desktop@9.0.4 (5 bytes) @ 0x0000027136bfa9c0 [0x0000027136bfa760+0x0000000000000260]
v  ~StubRoutines::call_stub
J 4293  java.security.AccessController.doPrivileged(Ljava/security/PrivilegedAction;Ljava/security/AccessControlContext;)Ljava/lang/Object; java.base@9.0.4 (0 bytes) @ 0x0000027136d580c6 [0x0000027136d58060+0x0000000000000066]
J 13887 c2 ui.frmwork.b.d.dispatchEvent(Ljava/awt/AWTEvent;)V (34 bytes) @ 0x0000027137436dc8 [0x0000027137436980+0x0000000000000448]
J 27066 c2 java.awt.EventDispatchThread.pumpOneEventForFilters(I)V java.desktop@9.0.4 (218 bytes) @ 0x00000271376e78ac [0x00000271376e7320+0x000000000000058c]
J 18369% c2 java.awt.EventDispatchThread.pumpEventsForFilter(ILjava/awt/Conditional;Ljava/awt/EventFilter;)V java.desktop@9.0.4 (47 bytes) @ 0x0000027137a15878 [0x0000027137a15760+0x0000000000000118]
j  java.awt.EventDispatchThread.pumpEventsForHierarchy(ILjava/awt/Conditional;Ljava/awt/Component;)V+11 java.desktop@9.0.4
j  java.awt.EventDispatchThread.pumpEvents(ILjava/awt/Conditional;)V+4 java.desktop@9.0.4
j  java.awt.EventDispatchThread.pumpEvents(Ljava/awt/Conditional;)V+3 java.desktop@9.0.4
j  java.awt.EventDispatchThread.run()V+9 java.desktop@9.0.4
v  ~StubRoutines::call_stub

siginfo: EXCEPTION_ACCESS_VIOLATION (0xc0000005), reading address 0xffffffffffffffff


Register to memory mapping:

RIP=0x00007ff96e9ea1a5 librdi_common.dll
RAX=0x000002711bed8e01 is an unknown value
RBX=0x8801c3005c46bf19 is an unknown value
RCX=0x000002711bed8e30 is an unknown value
RDX=0x8801c3005c46bf19 is an unknown value
RSP=0x000000e19d8faec0 is pointing into the stack for thread: 0x0000027144f9f000
RBP=0x000000e19d8faff0 is pointing into the stack for thread: 0x0000027144f9f000
RSI=0x0000027153f6fb20 is an unknown value
RDI=0x000000e19d8fb0d8 is pointing into the stack for thread: 0x0000027144f9f000
R8 =0x000000e19d8fb0d8 is pointing into the stack for thread: 0x0000027144f9f000
R9 =0x0000000000000000 is an unknown value
R10=0x00000271513b60e8 is an unknown value
R11=0x0000027152687fc8 is an unknown value
R12=0x000000e19d8fb0d8 is pointing into the stack for thread: 0x0000027144f9f000
R13=0x0000000000000000 is an unknown value
R14=0x00000271197b0fc0 is an unknown value
R15=0x8801c3005c46bf19 is an unknown value


Registers:
RAX=0x000002711bed8e01, RBX=0x8801c3005c46bf19, RCX=0x000002711bed8e30, RDX=0x8801c3005c46bf19
RSP=0x000000e19d8faec0, RBP=0x000000e19d8faff0, RSI=0x0000027153f6fb20, RDI=0x000000e19d8fb0d8
R8 =0x000000e19d8fb0d8, R9 =0x0000000000000000, R10=0x00000271513b60e8, R11=0x0000027152687fc8
R12=0x000000e19d8fb0d8, R13=0x0000000000000000, R14=0x00000271197b0fc0, R15=0x8801c3005c46bf19
RIP=0x00007ff96e9ea1a5, EFLAGS=0x0000000000010202

Top of Stack: (sp=0x000000e19d8faec0)
0x000000e19d8faec0:   0000027152687fa0 00007ff983c1955f
0x000000e19d8faed0:   00007ff900000000 8801c3005c46bf19
0x000000e19d8faee0:   8801c3005c46bf19 00007ff96e9dee15
0x000000e19d8faef0:   00007ff96f6a3fe8 00007ff983be8d7c
0x000000e19d8faf00:   00007ff983be89e0 0000000000000000
0x000000e19d8faf10:   00000000016e3600 000002715733e9c0
0x000000e19d8faf20:   0000000000000002 00007ff96ea48985
0x000000e19d8faf30:   000002715143cc40 0000027152687fa8
0x000000e19d8faf40:   0000027152687fe8 00007ff96f6a3fe0
0x000000e19d8faf50:   fffffffffffffffe 00007ff96efb6a6d
0x000000e19d8faf60:   fffffffffffffffe 00007ff96f6a3fe0
0x000000e19d8faf70:   0000027152687fa0 0000027119823148
0x000000e19d8faf80:   000000e19d8fb0d8 00007ff96ea47c76
0x000000e19d8faf90:   0000027152687fa0 000000e19d8fb0d8
0x000000e19d8fafa0:   0000027100000002 0000000000000000
0x000000e19d8fafb0:   fffffffffffffffe 000000000000000f 

Instructions: (pc=0x00007ff96e9ea1a5)
0x00007ff96e9ea185:   20 48 8b d9 e8 22 c4 04 00 48 8b c8 48 8b d3 e8
0x00007ff96e9ea195:   27 0d 05 00 84 c0 75 08 33 c0 48 83 c4 20 5b c3
0x00007ff96e9ea1a5:   48 8b 4b 50 48 85 c9 74 0a 48 83 c4 20 5b e9 68
0x00007ff96e9ea1b5:   e2 04 00 48 8b d3 48 8d 0d 26 fc 73 00 e8 59 b7 



---------------  P R O C E S S  ---------------

Java Threads: ( => current thread )
  0x000002714546f800 JavaThread "Relaunch Simulation" [_thread_blocked, id=12312, stack(0x000000e1a1b00000,0x000000e1a2000000)]
  0x000002714546a000 JavaThread "SyntheticaAnimation 50" daemon [_thread_blocked, id=9404, stack(0x000000e19c500000,0x000000e19ca00000)]
  0x0000027145469800 JavaThread "Image Animator 3" daemon [_thread_blocked, id=5220, stack(0x000000e1a1500000,0x000000e1a1a00000)]
  0x000002714546e000 JavaThread "SyntheticaAnimation 50" daemon [_thread_blocked, id=12484, stack(0x000000e19f700000,0x000000e19fc00000)]
  0x0000027145468000 JavaThread "Update Runs Swing Worker" [_thread_blocked, id=2468, stack(0x000000e1a1000000,0x000000e1a1500000)]
  0x000002714546d000 JavaThread "Image Animator 0" daemon [_thread_blocked, id=15076, stack(0x000000e1a0b00000,0x000000e1a1000000)]
  0x0000027145468800 JavaThread "hw_ila_monitor" [_thread_blocked, id=8356, stack(0x000000e1a0100000,0x000000e1a0600000)]
  0x000002714546c800 JavaThread "Refresh Filesets Swing Worker" [_thread_blocked, id=12696, stack(0x000000e19fc00000,0x000000e1a0100000)]
  0x000002714546b000 JavaThread "Swing-Shell" daemon [_thread_blocked, id=3752, stack(0x000000e19b600000,0x000000e19bb00000)]
  0x0000027145467000 JavaThread "SyntheticaAnimation 70" daemon [_thread_blocked, id=8040, stack(0x000000e19f200000,0x000000e19f700000)]
  0x00000271460bb000 JavaThread "SyntheticaAnimation 25" daemon [_thread_blocked, id=9444, stack(0x000000e19ed00000,0x000000e19f200000)]
  0x00000271460be000 JavaThread "SyntheticaAnimation 50" daemon [_thread_blocked, id=3860, stack(0x000000e19e300000,0x000000e19e800000)]
  0x00000271460bd000 JavaThread "Monitor HEventQueue" [_thread_blocked, id=10676, stack(0x000000e19de00000,0x000000e19e300000)]
  0x00000271460bb800 JavaThread "SyntheticaCleanerThread" daemon [_thread_blocked, id=3152, stack(0x000000e19e800000,0x000000e19ed00000)]
  0x00000271460bc800 JavaThread "Batik CleanerThread" daemon [_thread_blocked, id=12008, stack(0x000000e19d900000,0x000000e19de00000)]
=>0x0000027144f9f000 JavaThread "AWT-EventQueue-1" [_thread_in_native, id=1956, stack(0x000000e19d400000,0x000000e19d900000)]
  0x0000027144f9e800 JavaThread "AWT-Shutdown" [_thread_blocked, id=4508, stack(0x000000e19cf00000,0x000000e19d400000)]
  0x0000027145250800 JavaThread "Process Messages" [_thread_blocked, id=4876, stack(0x000000e19ca00000,0x000000e19cf00000)]
  0x00000271457bc800 JavaThread "Thread-1" [_thread_in_native, id=7340, stack(0x000000e196b00000,0x000000e197f00000)]
  0x0000027144e97800 JavaThread "TimerQueue" daemon [_thread_blocked, id=9760, stack(0x000000e19c000000,0x000000e19c500000)]
  0x000002711dc9d000 JavaThread "AWT-Windows" daemon [_thread_in_native, id=12364, stack(0x000000e19bb00000,0x000000e19c000000)]
  0x0000027144942000 JavaThread "Java2D Disposer" daemon [_thread_blocked, id=5416, stack(0x000000e19b100000,0x000000e19b600000)]
  0x0000027127a0f800 JavaThread "Service Thread" daemon [_thread_blocked, id=11800, stack(0x000000e19ab00000,0x000000e19b000000)]
  0x0000027127bff000 JavaThread "Common-Cleaner" daemon [_thread_blocked, id=13384, stack(0x000000e19a600000,0x000000e19ab00000)]
  0x0000027127bfe800 JavaThread "Sweeper thread" daemon [_thread_blocked, id=3536, stack(0x000000e19a100000,0x000000e19a600000)]
  0x0000027124170800 JavaThread "C1 CompilerThread1" daemon [_thread_blocked, id=14160, stack(0x000000e19a000000,0x000000e19a100000)]
  0x00000271230e0800 JavaThread "C2 CompilerThread0" daemon [_thread_blocked, id=10796, stack(0x000000e199f00000,0x000000e19a000000)]
  0x0000027120acc800 JavaThread "Attach Listener" daemon [_thread_blocked, id=960, stack(0x000000e199a00000,0x000000e199f00000)]
  0x0000027120acb800 JavaThread "Signal Dispatcher" daemon [_thread_blocked, id=11032, stack(0x000000e199500000,0x000000e199a00000)]
  0x00000271240f1000 JavaThread "Finalizer" daemon [_thread_blocked, id=6916, stack(0x000000e199000000,0x000000e199500000)]
  0x00000271233dd800 JavaThread "Reference Handler" daemon [_thread_blocked, id=3924, stack(0x000000e198b00000,0x000000e199000000)]
  0x0000027124a7e000 JavaThread "main" [_thread_blocked, id=12404, stack(0x000000e198200000,0x000000e198300000)]

Other Threads:
  0x0000027123ebc000 VMThread "VM Thread" [stack: 0x000000e198a00000,0x000000e198b00000] [id=8260]
  0x0000027124846000 WatcherThread [stack: 0x000000e19b000000,0x000000e19b100000] [id=8848]
  0x00000271233d4800 GCTaskThread "GC Thread#0" [stack: 0x000000e198300000,0x000000e198400000] [id=2756]
  0x0000027124327000 GCTaskThread "GC Thread#1" [stack: 0x000000e198400000,0x000000e198500000] [id=5124]
  0x000002712416b000 ConcurrentGCThread "G1 Main Marker" [stack: 0x000000e198800000,0x000000e198900000] [id=8700]
  0x0000027124324800 ConcurrentGCThread "G1 Marker#0" [stack: 0x000000e198900000,0x000000e198a00000] [id=5224]
  0x0000027123ead800 ConcurrentGCThread "G1 Refine#0" [stack: 0x000000e198600000,0x000000e198700000] [id=14392]
  0x00000271233b9000 ConcurrentGCThread "G1 Refine#1" [stack: 0x000000e198500000,0x000000e198600000] [id=2344]
  0x00000271248af800 ConcurrentGCThread "G1 Young RemSet Sampling" [stack: 0x000000e198700000,0x000000e198800000] [id=15044]

Threads with active compile tasks:

VM state:not at safepoint (normal execution)

VM Mutex/Monitor currently owned by a thread: None

Heap address: 0x0000000700000000, size: 3072 MB, Compressed Oops mode: Zero based, Oop shift amount: 3
Narrow klass base: 0x0000000000000000, Narrow klass shift: 3
Compressed class space size: 1073741824 Address: 0x00000007c0000000

Heap:
 garbage-first heap   total 229376K, used 107436K [0x0000000700000000, 0x0000000700100700, 0x00000007c0000000)
  region size 1024K, 34 young (34816K), 0 survivors (0K)
 Metaspace       used 88577K, capacity 91519K, committed 96204K, reserved 1132544K
  class space    used 11692K, capacity 12296K, committed 13260K, reserved 1048576K
Heap Regions: E=young(eden), S=young(survivor), O=old, HS=humongous(starts), HC=humongous(continues), CS=collection set, F=free, A=archive, TS=gc time stamp, AC=allocation context, TAMS=top-at-mark-start (previous, next)
|   0|0x0000000700000000, 0x00000007000f2160, 0x0000000700100000| 94%| O|  |TS  0|AC  0|TAMS 0x0000000700000000, 0x0000000700000000|
|   1|0x0000000700100000, 0x0000000700200000, 0x0000000700200000|100%|HS|  |TS  0|AC  0|TAMS 0x0000000700100000, 0x0000000700100000|
|   2|0x0000000700200000, 0x0000000700300000, 0x0000000700300000|100%|HC|  |TS  0|AC  0|TAMS 0x0000000700200000, 0x0000000700200000|
|   3|0x0000000700300000, 0x0000000700400000, 0x0000000700400000|100%|HS|  |TS  0|AC  0|TAMS 0x0000000700300000, 0x0000000700300000|
|   4|0x0000000700400000, 0x00000007004f5288, 0x0000000700500000| 95%| O|  |TS  0|AC  0|TAMS 0x0000000700400000, 0x0000000700400000|
|   5|0x0000000700500000, 0x00000007005fffe8, 0x0000000700600000| 99%| O|  |TS  0|AC  0|TAMS 0x0000000700500000, 0x0000000700500000|
|   6|0x0000000700600000, 0x00000007006fffb8, 0x0000000700700000| 99%| O|  |TS  0|AC  0|TAMS 0x0000000700600000, 0x0000000700600000|
|   7|0x0000000700700000, 0x00000007007fff98, 0x0000000700800000| 99%| O|  |TS  0|AC  0|TAMS 0x0000000700700000, 0x0000000700700000|
|   8|0x0000000700800000, 0x00000007008fffe8, 0x0000000700900000| 99%| O|  |TS  0|AC  0|TAMS 0x0000000700800000, 0x0000000700800000|
|   9|0x0000000700900000, 0x00000007009ffff8, 0x0000000700a00000| 99%| O|  |TS  0|AC  0|TAMS 0x0000000700900000, 0x0000000700900000|
|  10|0x0000000700a00000, 0x0000000700af2228, 0x0000000700b00000| 94%| O|  |TS  0|AC  0|TAMS 0x0000000700a00000, 0x0000000700a00000|
|  11|0x0000000700b00000, 0x0000000700bf6230, 0x0000000700c00000| 96%| O|  |TS  0|AC  0|TAMS 0x0000000700b00000, 0x0000000700b00000|
|  12|0x0000000700c00000, 0x0000000700cfaf90, 0x0000000700d00000| 98%| O|  |TS  0|AC  0|TAMS 0x0000000700c00000, 0x0000000700c00000|
|  13|0x0000000700d00000, 0x0000000700df7010, 0x0000000700e00000| 96%| O|  |TS  0|AC  0|TAMS 0x0000000700d00000, 0x0000000700d00000|
|  14|0x0000000700e00000, 0x0000000700ebff78, 0x0000000700f00000| 74%| O|  |TS  0|AC  0|TAMS 0x0000000700e00000, 0x0000000700e00000|
|  15|0x0000000700f00000, 0x0000000700fffb98, 0x0000000701000000| 99%| O|  |TS  0|AC  0|TAMS 0x0000000700f00000, 0x0000000700f00000|
|  16|0x0000000701000000, 0x00000007010ffff8, 0x0000000701100000| 99%| O|  |TS  0|AC  0|TAMS 0x0000000701000000, 0x0000000701000000|
|  17|0x0000000701100000, 0x00000007011fffe8, 0x0000000701200000| 99%| O|  |TS  0|AC  0|TAMS 0x0000000701100000, 0x0000000701100000|
|  18|0x0000000701200000, 0x00000007012ffff8, 0x0000000701300000| 99%| O|  |TS  0|AC  0|TAMS 0x0000000701200000, 0x0000000701200000|
|  19|0x0000000701300000, 0x00000007013fffe8, 0x0000000701400000| 99%| O|  |TS  0|AC  0|TAMS 0x0000000701300000, 0x0000000701300000|
|  20|0x0000000701400000, 0x00000007014ffff8, 0x0000000701500000| 99%| O|  |TS  0|AC  0|TAMS 0x0000000701400000, 0x0000000701400000|
|  21|0x0000000701500000, 0x00000007015fffb0, 0x0000000701600000| 99%| O|  |TS  0|AC  0|TAMS 0x0000000701500000, 0x0000000701500000|
|  22|0x0000000701600000, 0x0000000701700000, 0x0000000701700000|100%| O|  |TS  0|AC  0|TAMS 0x0000000701600000, 0x0000000701600000|
|  23|0x0000000701700000, 0x00000007017fffe8, 0x0000000701800000| 99%| O|  |TS  0|AC  0|TAMS 0x0000000701700000, 0x0000000701700000|
|  24|0x0000000701800000, 0x00000007018fffe8, 0x0000000701900000| 99%| O|  |TS  0|AC  0|TAMS 0x0000000701800000, 0x0000000701800000|
|  25|0x0000000701900000, 0x0000000701a00000, 0x0000000701a00000|100%| O|  |TS  0|AC  0|TAMS 0x0000000701900000, 0x0000000701900000|
|  26|0x0000000701a00000, 0x0000000701afffe8, 0x0000000701b00000| 99%| O|  |TS  0|AC  0|TAMS 0x0000000701a00000, 0x0000000701a00000|
|  27|0x0000000701b00000, 0x0000000701c00000, 0x0000000701c00000|100%| O|  |TS  0|AC  0|TAMS 0x0000000701b00000, 0x0000000701b00000|
|  28|0x0000000701c00000, 0x0000000701cffff8, 0x0000000701d00000| 99%| O|  |TS  0|AC  0|TAMS 0x0000000701c00000, 0x0000000701c00000|
|  29|0x0000000701d00000, 0x0000000701df5868, 0x0000000701e00000| 95%| O|  |TS  0|AC  0|TAMS 0x0000000701d00000, 0x0000000701d00000|
|  30|0x0000000701e00000, 0x0000000701efffe8, 0x0000000701f00000| 99%| O|  |TS  0|AC  0|TAMS 0x0000000701e00000, 0x0000000701e00000|
|  31|0x0000000701f00000, 0x0000000701ffffd0, 0x0000000702000000| 99%| O|  |TS  0|AC  0|TAMS 0x0000000701f00000, 0x0000000701f00000|
|  32|0x0000000702000000, 0x00000007020ffff8, 0x0000000702100000| 99%| O|  |TS  0|AC  0|TAMS 0x0000000702000000, 0x0000000702000000|
|  33|0x0000000702100000, 0x00000007021fd808, 0x0000000702200000| 99%| O|  |TS  0|AC  0|TAMS 0x0000000702100000, 0x0000000702100000|
|  34|0x0000000702200000, 0x0000000702300000, 0x0000000702300000|100%| O|  |TS  0|AC  0|TAMS 0x0000000702200000, 0x0000000702200000|
|  35|0x0000000702300000, 0x00000007023ffff0, 0x0000000702400000| 99%| O|  |TS  0|AC  0|TAMS 0x0000000702300000, 0x0000000702300000|
|  36|0x0000000702400000, 0x00000007024fff70, 0x0000000702500000| 99%| O|  |TS  0|AC  0|TAMS 0x0000000702400000, 0x0000000702400000|
|  37|0x0000000702500000, 0x00000007025fffd0, 0x0000000702600000| 99%| O|  |TS  0|AC  0|TAMS 0x0000000702500000, 0x0000000702500000|
|  38|0x0000000702600000, 0x00000007026fd2c8, 0x0000000702700000| 98%| O|  |TS  0|AC  0|TAMS 0x0000000702600000, 0x0000000702600000|
|  39|0x0000000702700000, 0x0000000702800000, 0x0000000702800000|100%|HS|  |TS  0|AC  0|TAMS 0x0000000702700000, 0x0000000702700000|
|  40|0x0000000702800000, 0x0000000702900000, 0x0000000702900000|100%|HC|  |TS  0|AC  0|TAMS 0x0000000702800000, 0x0000000702800000|
|  41|0x0000000702900000, 0x0000000702a00000, 0x0000000702a00000|100%|HC|  |TS  0|AC  0|TAMS 0x0000000702900000, 0x0000000702900000|
|  42|0x0000000702a00000, 0x0000000702b00000, 0x0000000702b00000|100%|HC|  |TS  0|AC  0|TAMS 0x0000000702a00000, 0x0000000702a00000|
|  43|0x0000000702b00000, 0x0000000702c00000, 0x0000000702c00000|100%|HC|  |TS  0|AC  0|TAMS 0x0000000702b00000, 0x0000000702b00000|
|  44|0x0000000702c00000, 0x0000000702d00000, 0x0000000702d00000|100%|HC|  |TS  0|AC  0|TAMS 0x0000000702c00000, 0x0000000702c00000|
|  45|0x0000000702d00000, 0x0000000702e00000, 0x0000000702e00000|100%|HC|  |TS  0|AC  0|TAMS 0x0000000702d00000, 0x0000000702d00000|
|  46|0x0000000702e00000, 0x0000000702f00000, 0x0000000702f00000|100%|HC|  |TS  0|AC  0|TAMS 0x0000000702e00000, 0x0000000702e00000|
|  47|0x0000000702f00000, 0x0000000702fffff0, 0x0000000703000000| 99%| O|  |TS  0|AC  0|TAMS 0x0000000702f00000, 0x0000000702f00000|
|  48|0x0000000703000000, 0x00000007030fffb8, 0x0000000703100000| 99%| O|  |TS  0|AC  0|TAMS 0x0000000703000000, 0x0000000703000000|
|  49|0x0000000703100000, 0x00000007031ffff8, 0x0000000703200000| 99%| O|  |TS  0|AC  0|TAMS 0x0000000703100000, 0x0000000703100000|
|  50|0x0000000703200000, 0x00000007032fffb8, 0x0000000703300000| 99%| O|  |TS  0|AC  0|TAMS 0x0000000703200000, 0x0000000703200000|
|  51|0x0000000703300000, 0x00000007033ffff8, 0x0000000703400000| 99%| O|  |TS  0|AC  0|TAMS 0x0000000703300000, 0x0000000703300000|
|  52|0x0000000703400000, 0x00000007034fffe0, 0x0000000703500000| 99%| O|  |TS  0|AC  0|TAMS 0x0000000703400000, 0x0000000703400000|
|  53|0x0000000703500000, 0x0000000703600000, 0x0000000703600000|100%| O|  |TS  0|AC  0|TAMS 0x0000000703500000, 0x0000000703500000|
|  54|0x0000000703600000, 0x00000007036ffff8, 0x0000000703700000| 99%| O|  |TS  0|AC  0|TAMS 0x0000000703600000, 0x0000000703600000|
|  55|0x0000000703700000, 0x0000000703800000, 0x0000000703800000|100%| O|  |TS  0|AC  0|TAMS 0x0000000703700000, 0x0000000703700000|
|  56|0x0000000703800000, 0x00000007038ffff8, 0x0000000703900000| 99%| O|  |TS  0|AC  0|TAMS 0x0000000703800000, 0x0000000703800000|
|  57|0x0000000703900000, 0x00000007039ffff8, 0x0000000703a00000| 99%| O|  |TS  0|AC  0|TAMS 0x0000000703900000, 0x0000000703900000|
|  58|0x0000000703a00000, 0x0000000703af7928, 0x0000000703b00000| 96%| O|  |TS  0|AC  0|TAMS 0x0000000703a00000, 0x0000000703a00000|
|  59|0x0000000703b00000, 0x0000000703bfff98, 0x0000000703c00000| 99%| O|  |TS  0|AC  0|TAMS 0x0000000703b00000, 0x0000000703b00000|
|  60|0x0000000703c00000, 0x0000000703cfffa8, 0x0000000703d00000| 99%| O|  |TS  0|AC  0|TAMS 0x0000000703c00000, 0x0000000703c00000|
|  61|0x0000000703d00000, 0x0000000703dffff8, 0x0000000703e00000| 99%| O|  |TS  0|AC  0|TAMS 0x0000000703d00000, 0x0000000703d00000|
|  62|0x0000000703e00000, 0x0000000703effff8, 0x0000000703f00000| 99%| O|  |TS  0|AC  0|TAMS 0x0000000703e00000, 0x0000000703e00000|
|  63|0x0000000703f00000, 0x0000000703fffdb0, 0x0000000704000000| 99%| O|  |TS  0|AC  0|TAMS 0x0000000703f00000, 0x0000000703f00000|
|  64|0x0000000704000000, 0x00000007040827c0, 0x0000000704100000| 50%| O|  |TS  0|AC  0|TAMS 0x0000000704000000, 0x0000000704000000|
|  65|0x0000000704100000, 0x0000000704200000, 0x0000000704200000|100%|HS|  |TS  0|AC  0|TAMS 0x0000000704100000, 0x0000000704100000|
|  66|0x0000000704200000, 0x0000000704300000, 0x0000000704300000|100%|HC|  |TS  0|AC  0|TAMS 0x0000000704200000, 0x0000000704200000|
|  67|0x0000000704300000, 0x0000000704400000, 0x0000000704400000|100%|HC|  |TS  0|AC  0|TAMS 0x0000000704300000, 0x0000000704300000|
|  68|0x0000000704400000, 0x0000000704400000, 0x0000000704500000|  0%| F|  |TS  0|AC  0|TAMS 0x0000000704400000, 0x0000000704400000|
|  69|0x0000000704500000, 0x0000000704500000, 0x0000000704600000|  0%| F|  |TS  0|AC  0|TAMS 0x0000000704500000, 0x0000000704500000|
|  70|0x0000000704600000, 0x0000000704700000, 0x0000000704700000|100%|HS|  |TS  0|AC  0|TAMS 0x0000000704600000, 0x0000000704600000|
|  71|0x0000000704700000, 0x0000000704800000, 0x0000000704800000|100%|HC|  |TS  0|AC  0|TAMS 0x0000000704700000, 0x0000000704700000|
|  72|0x0000000704800000, 0x0000000704900000, 0x0000000704900000|100%|HS|  |TS  0|AC  0|TAMS 0x0000000704800000, 0x0000000704800000|
|  73|0x0000000704900000, 0x0000000704a00000, 0x0000000704a00000|100%|HC|  |TS  0|AC  0|TAMS 0x0000000704900000, 0x0000000704900000|
|  74|0x0000000704a00000, 0x0000000704b00000, 0x0000000704b00000|100%|HC|  |TS  0|AC  0|TAMS 0x0000000704a00000, 0x0000000704a00000|
|  75|0x0000000704b00000, 0x0000000704b00000, 0x0000000704c00000|  0%| F|  |TS  0|AC  0|TAMS 0x0000000704b00000, 0x0000000704b00000|
|  76|0x0000000704c00000, 0x0000000704c00000, 0x0000000704d00000|  0%| F|  |TS  0|AC  0|TAMS 0x0000000704c00000, 0x0000000704c00000|
|  77|0x0000000704d00000, 0x0000000704d00000, 0x0000000704e00000|  0%| F|  |TS  0|AC  0|TAMS 0x0000000704d00000, 0x0000000704d00000|
|  78|0x0000000704e00000, 0x0000000704e00000, 0x0000000704f00000|  0%| F|  |TS  0|AC  0|TAMS 0x0000000704e00000, 0x0000000704e00000|
|  79|0x0000000704f00000, 0x0000000704f00000, 0x0000000705000000|  0%| F|  |TS  0|AC  0|TAMS 0x0000000704f00000, 0x0000000704f00000|
|  80|0x0000000705000000, 0x0000000705000000, 0x0000000705100000|  0%| F|  |TS  0|AC  0|TAMS 0x0000000705000000, 0x0000000705000000|
|  81|0x0000000705100000, 0x0000000705100000, 0x0000000705200000|  0%| F|  |TS  0|AC  0|TAMS 0x0000000705100000, 0x0000000705100000|
|  82|0x0000000705200000, 0x0000000705200000, 0x0000000705300000|  0%| F|  |TS  0|AC  0|TAMS 0x0000000705200000, 0x0000000705200000|
|  83|0x0000000705300000, 0x0000000705300000, 0x0000000705400000|  0%| F|  |TS  0|AC  0|TAMS 0x0000000705300000, 0x0000000705300000|
|  84|0x0000000705400000, 0x0000000705400000, 0x0000000705500000|  0%| F|  |TS  0|AC  0|TAMS 0x0000000705400000, 0x0000000705400000|
|  85|0x0000000705500000, 0x0000000705500000, 0x0000000705600000|  0%| F|  |TS  0|AC  0|TAMS 0x0000000705500000, 0x0000000705500000|
|  86|0x0000000705600000, 0x0000000705600000, 0x0000000705700000|  0%| F|  |TS  0|AC  0|TAMS 0x0000000705600000, 0x0000000705600000|
|  87|0x0000000705700000, 0x0000000705700000, 0x0000000705800000|  0%| F|  |TS  0|AC  0|TAMS 0x0000000705700000, 0x0000000705700000|
|  88|0x0000000705800000, 0x0000000705800000, 0x0000000705900000|  0%| F|  |TS  0|AC  0|TAMS 0x0000000705800000, 0x0000000705800000|
|  89|0x0000000705900000, 0x0000000705900000, 0x0000000705a00000|  0%| F|  |TS  0|AC  0|TAMS 0x0000000705900000, 0x0000000705900000|
|  90|0x0000000705a00000, 0x0000000705a00000, 0x0000000705b00000|  0%| F|  |TS  0|AC  0|TAMS 0x0000000705a00000, 0x0000000705a00000|
|  91|0x0000000705b00000, 0x0000000705b00000, 0x0000000705c00000|  0%| F|  |TS  0|AC  0|TAMS 0x0000000705b00000, 0x0000000705b00000|
|  92|0x0000000705c00000, 0x0000000705c00000, 0x0000000705d00000|  0%| F|  |TS  0|AC  0|TAMS 0x0000000705c00000, 0x0000000705c00000|
|  93|0x0000000705d00000, 0x0000000705d00000, 0x0000000705e00000|  0%| F|  |TS  0|AC  0|TAMS 0x0000000705d00000, 0x0000000705d00000|
|  94|0x0000000705e00000, 0x0000000705e00000, 0x0000000705f00000|  0%| F|  |TS  0|AC  0|TAMS 0x0000000705e00000, 0x0000000705e00000|
|  95|0x0000000705f00000, 0x0000000705f00000, 0x0000000706000000|  0%| F|  |TS  0|AC  0|TAMS 0x0000000705f00000, 0x0000000705f00000|
|  96|0x0000000706000000, 0x0000000706000000, 0x0000000706100000|  0%| F|  |TS  0|AC  0|TAMS 0x0000000706000000, 0x0000000706000000|
|  97|0x0000000706100000, 0x0000000706100000, 0x0000000706200000|  0%| F|  |TS  0|AC  0|TAMS 0x0000000706100000, 0x0000000706100000|
|  98|0x0000000706200000, 0x0000000706200000, 0x0000000706300000|  0%| F|  |TS  0|AC  0|TAMS 0x0000000706200000, 0x0000000706200000|
|  99|0x0000000706300000, 0x0000000706300000, 0x0000000706400000|  0%| F|  |TS  0|AC  0|TAMS 0x0000000706300000, 0x0000000706300000|
| 100|0x0000000706400000, 0x0000000706400000, 0x0000000706500000|  0%| F|  |TS  0|AC  0|TAMS 0x0000000706400000, 0x0000000706400000|
| 101|0x0000000706500000, 0x0000000706500000, 0x0000000706600000|  0%| F|  |TS  0|AC  0|TAMS 0x0000000706500000, 0x0000000706500000|
| 102|0x0000000706600000, 0x0000000706600000, 0x0000000706700000|  0%| F|  |TS  0|AC  0|TAMS 0x0000000706600000, 0x0000000706600000|
| 103|0x0000000706700000, 0x0000000706700000, 0x0000000706800000|  0%| F|  |TS  0|AC  0|TAMS 0x0000000706700000, 0x0000000706700000|
| 104|0x0000000706800000, 0x0000000706800000, 0x0000000706900000|  0%| F|  |TS  0|AC  0|TAMS 0x0000000706800000, 0x0000000706800000|
| 105|0x0000000706900000, 0x0000000706900000, 0x0000000706a00000|  0%| F|  |TS  0|AC  0|TAMS 0x0000000706900000, 0x0000000706900000|
| 106|0x0000000706a00000, 0x0000000706a00000, 0x0000000706b00000|  0%| F|  |TS  0|AC  0|TAMS 0x0000000706a00000, 0x0000000706a00000|
| 107|0x0000000706b00000, 0x0000000706b00000, 0x0000000706c00000|  0%| F|  |TS  0|AC  0|TAMS 0x0000000706b00000, 0x0000000706b00000|
| 108|0x0000000706c00000, 0x0000000706c00000, 0x0000000706d00000|  0%| F|  |TS  0|AC  0|TAMS 0x0000000706c00000, 0x0000000706c00000|
| 109|0x0000000706d00000, 0x0000000706d00000, 0x0000000706e00000|  0%| F|  |TS  0|AC  0|TAMS 0x0000000706d00000, 0x0000000706d00000|
| 110|0x0000000706e00000, 0x0000000706e00000, 0x0000000706f00000|  0%| F|  |TS  0|AC  0|TAMS 0x0000000706e00000, 0x0000000706e00000|
| 111|0x0000000706f00000, 0x0000000706f00000, 0x0000000707000000|  0%| F|  |TS  0|AC  0|TAMS 0x0000000706f00000, 0x0000000706f00000|
| 112|0x0000000707000000, 0x0000000707000000, 0x0000000707100000|  0%| F|  |TS  0|AC  0|TAMS 0x0000000707000000, 0x0000000707000000|
| 113|0x0000000707100000, 0x0000000707100000, 0x0000000707200000|  0%| F|  |TS  0|AC  0|TAMS 0x0000000707100000, 0x0000000707100000|
| 114|0x0000000707200000, 0x0000000707200000, 0x0000000707300000|  0%| F|  |TS  0|AC  0|TAMS 0x0000000707200000, 0x0000000707200000|
| 115|0x0000000707300000, 0x0000000707300000, 0x0000000707400000|  0%| F|  |TS  0|AC  0|TAMS 0x0000000707300000, 0x0000000707300000|
| 116|0x0000000707400000, 0x0000000707400000, 0x0000000707500000|  0%| F|  |TS  0|AC  0|TAMS 0x0000000707400000, 0x0000000707400000|
| 117|0x0000000707500000, 0x0000000707500000, 0x0000000707600000|  0%| F|  |TS  0|AC  0|TAMS 0x0000000707500000, 0x0000000707500000|
| 118|0x0000000707600000, 0x0000000707600000, 0x0000000707700000|  0%| F|  |TS  0|AC  0|TAMS 0x0000000707600000, 0x0000000707600000|
| 119|0x0000000707700000, 0x0000000707700000, 0x0000000707800000|  0%| F|  |TS  0|AC  0|TAMS 0x0000000707700000, 0x0000000707700000|
| 120|0x0000000707800000, 0x0000000707800000, 0x0000000707900000|  0%| F|  |TS  0|AC  0|TAMS 0x0000000707800000, 0x0000000707800000|
| 121|0x0000000707900000, 0x0000000707900000, 0x0000000707a00000|  0%| F|  |TS  0|AC  0|TAMS 0x0000000707900000, 0x0000000707900000|
| 122|0x0000000707a00000, 0x0000000707a00000, 0x0000000707b00000|  0%| F|  |TS  0|AC  0|TAMS 0x0000000707a00000, 0x0000000707a00000|
| 123|0x0000000707b00000, 0x0000000707b00000, 0x0000000707c00000|  0%| F|  |TS  0|AC  0|TAMS 0x0000000707b00000, 0x0000000707b00000|
| 124|0x0000000707c00000, 0x0000000707c00000, 0x0000000707d00000|  0%| F|  |TS  0|AC  0|TAMS 0x0000000707c00000, 0x0000000707c00000|
| 125|0x0000000707d00000, 0x0000000707d00000, 0x0000000707e00000|  0%| F|  |TS  0|AC  0|TAMS 0x0000000707d00000, 0x0000000707d00000|
| 126|0x0000000707e00000, 0x0000000707e00000, 0x0000000707f00000|  0%| F|  |TS  0|AC  0|TAMS 0x0000000707e00000, 0x0000000707e00000|
| 127|0x0000000707f00000, 0x0000000707f00000, 0x0000000708000000|  0%| F|  |TS  0|AC  0|TAMS 0x0000000707f00000, 0x0000000707f00000|
| 128|0x0000000708000000, 0x0000000708000000, 0x0000000708100000|  0%| F|  |TS  0|AC  0|TAMS 0x0000000708000000, 0x0000000708000000|
| 129|0x0000000708100000, 0x0000000708100000, 0x0000000708200000|  0%| F|  |TS  0|AC  0|TAMS 0x0000000708100000, 0x0000000708100000|
| 130|0x0000000708200000, 0x0000000708200000, 0x0000000708300000|  0%| F|  |TS  0|AC  0|TAMS 0x0000000708200000, 0x0000000708200000|
| 131|0x0000000708300000, 0x0000000708300000, 0x0000000708400000|  0%| F|  |TS  0|AC  0|TAMS 0x0000000708300000, 0x0000000708300000|
| 132|0x0000000708400000, 0x0000000708400000, 0x0000000708500000|  0%| F|  |TS  0|AC  0|TAMS 0x0000000708400000, 0x0000000708400000|
| 133|0x0000000708500000, 0x0000000708500000, 0x0000000708600000|  0%| F|  |TS  0|AC  0|TAMS 0x0000000708500000, 0x0000000708500000|
| 134|0x0000000708600000, 0x0000000708600000, 0x0000000708700000|  0%| F|  |TS  0|AC  0|TAMS 0x0000000708600000, 0x0000000708600000|
| 135|0x0000000708700000, 0x0000000708700000, 0x0000000708800000|  0%| F|  |TS  0|AC  0|TAMS 0x0000000708700000, 0x0000000708700000|
| 136|0x0000000708800000, 0x0000000708800000, 0x0000000708900000|  0%| F|  |TS  0|AC  0|TAMS 0x0000000708800000, 0x0000000708800000|
| 137|0x0000000708900000, 0x0000000708900000, 0x0000000708a00000|  0%| F|  |TS  0|AC  0|TAMS 0x0000000708900000, 0x0000000708900000|
| 138|0x0000000708a00000, 0x0000000708a00000, 0x0000000708b00000|  0%| F|  |TS  0|AC  0|TAMS 0x0000000708a00000, 0x0000000708a00000|
| 139|0x0000000708b00000, 0x0000000708b00000, 0x0000000708c00000|  0%| F|  |TS  0|AC  0|TAMS 0x0000000708b00000, 0x0000000708b00000|
| 140|0x0000000708c00000, 0x0000000708c00000, 0x0000000708d00000|  0%| F|  |TS  0|AC  0|TAMS 0x0000000708c00000, 0x0000000708c00000|
| 141|0x0000000708d00000, 0x0000000708d00000, 0x0000000708e00000|  0%| F|  |TS  0|AC  0|TAMS 0x0000000708d00000, 0x0000000708d00000|
| 142|0x0000000708e00000, 0x0000000708e00000, 0x0000000708f00000|  0%| F|  |TS  0|AC  0|TAMS 0x0000000708e00000, 0x0000000708e00000|
| 143|0x0000000708f00000, 0x0000000708f00000, 0x0000000709000000|  0%| F|  |TS  0|AC  0|TAMS 0x0000000708f00000, 0x0000000708f00000|
| 144|0x0000000709000000, 0x0000000709000000, 0x0000000709100000|  0%| F|  |TS  0|AC  0|TAMS 0x0000000709000000, 0x0000000709000000|
| 145|0x0000000709100000, 0x0000000709100000, 0x0000000709200000|  0%| F|  |TS  0|AC  0|TAMS 0x0000000709100000, 0x0000000709100000|
| 146|0x0000000709200000, 0x0000000709200000, 0x0000000709300000|  0%| F|  |TS  0|AC  0|TAMS 0x0000000709200000, 0x0000000709200000|
| 147|0x0000000709300000, 0x0000000709300000, 0x0000000709400000|  0%| F|  |TS  0|AC  0|TAMS 0x0000000709300000, 0x0000000709300000|
| 148|0x0000000709400000, 0x0000000709400000, 0x0000000709500000|  0%| F|  |TS  0|AC  0|TAMS 0x0000000709400000, 0x0000000709400000|
| 149|0x0000000709500000, 0x0000000709500000, 0x0000000709600000|  0%| F|  |TS  0|AC  0|TAMS 0x0000000709500000, 0x0000000709500000|
| 150|0x0000000709600000, 0x0000000709600000, 0x0000000709700000|  0%| F|  |TS  0|AC  0|TAMS 0x0000000709600000, 0x0000000709600000|
| 151|0x0000000709700000, 0x0000000709700000, 0x0000000709800000|  0%| F|  |TS  0|AC  0|TAMS 0x0000000709700000, 0x0000000709700000|
| 152|0x0000000709800000, 0x0000000709800000, 0x0000000709900000|  0%| F|  |TS  0|AC  0|TAMS 0x0000000709800000, 0x0000000709800000|
| 153|0x0000000709900000, 0x0000000709900000, 0x0000000709a00000|  0%| F|  |TS  0|AC  0|TAMS 0x0000000709900000, 0x0000000709900000|
| 154|0x0000000709a00000, 0x0000000709a00000, 0x0000000709b00000|  0%| F|  |TS  0|AC  0|TAMS 0x0000000709a00000, 0x0000000709a00000|
| 155|0x0000000709b00000, 0x0000000709b00000, 0x0000000709c00000|  0%| F|  |TS  0|AC  0|TAMS 0x0000000709b00000, 0x0000000709b00000|
| 156|0x0000000709c00000, 0x0000000709c00000, 0x0000000709d00000|  0%| F|  |TS  0|AC  0|TAMS 0x0000000709c00000, 0x0000000709c00000|
| 157|0x0000000709d00000, 0x0000000709d00000, 0x0000000709e00000|  0%| F|  |TS  0|AC  0|TAMS 0x0000000709d00000, 0x0000000709d00000|
| 158|0x0000000709e00000, 0x0000000709e00000, 0x0000000709f00000|  0%| F|  |TS  0|AC  0|TAMS 0x0000000709e00000, 0x0000000709e00000|
| 159|0x0000000709f00000, 0x0000000709f00000, 0x000000070a000000|  0%| F|  |TS  0|AC  0|TAMS 0x0000000709f00000, 0x0000000709f00000|
| 160|0x000000070a000000, 0x000000070a000000, 0x000000070a100000|  0%| F|  |TS  0|AC  0|TAMS 0x000000070a000000, 0x000000070a000000|
| 161|0x000000070a100000, 0x000000070a100000, 0x000000070a200000|  0%| F|  |TS  0|AC  0|TAMS 0x000000070a100000, 0x000000070a100000|
| 162|0x000000070a200000, 0x000000070a200000, 0x000000070a300000|  0%| F|  |TS  0|AC  0|TAMS 0x000000070a200000, 0x000000070a200000|
| 163|0x000000070a300000, 0x000000070a300000, 0x000000070a400000|  0%| F|  |TS  0|AC  0|TAMS 0x000000070a300000, 0x000000070a300000|
| 164|0x000000070a400000, 0x000000070a400000, 0x000000070a500000|  0%| F|  |TS  0|AC  0|TAMS 0x000000070a400000, 0x000000070a400000|
| 165|0x000000070a500000, 0x000000070a500000, 0x000000070a600000|  0%| F|  |TS  0|AC  0|TAMS 0x000000070a500000, 0x000000070a500000|
| 166|0x000000070a600000, 0x000000070a600000, 0x000000070a700000|  0%| F|  |TS  0|AC  0|TAMS 0x000000070a600000, 0x000000070a600000|
| 167|0x000000070a700000, 0x000000070a700000, 0x000000070a800000|  0%| F|  |TS  0|AC  0|TAMS 0x000000070a700000, 0x000000070a700000|
| 168|0x000000070a800000, 0x000000070a800000, 0x000000070a900000|  0%| F|  |TS  0|AC  0|TAMS 0x000000070a800000, 0x000000070a800000|
| 169|0x000000070a900000, 0x000000070a900000, 0x000000070aa00000|  0%| F|  |TS  0|AC  0|TAMS 0x000000070a900000, 0x000000070a900000|
| 170|0x000000070aa00000, 0x000000070aa00000, 0x000000070ab00000|  0%| F|  |TS  0|AC  0|TAMS 0x000000070aa00000, 0x000000070aa00000|
| 171|0x000000070ab00000, 0x000000070ab00000, 0x000000070ac00000|  0%| F|  |TS  0|AC  0|TAMS 0x000000070ab00000, 0x000000070ab00000|
| 172|0x000000070ac00000, 0x000000070ac00000, 0x000000070ad00000|  0%| F|  |TS  0|AC  0|TAMS 0x000000070ac00000, 0x000000070ac00000|
| 173|0x000000070ad00000, 0x000000070ad00000, 0x000000070ae00000|  0%| F|  |TS  0|AC  0|TAMS 0x000000070ad00000, 0x000000070ad00000|
| 174|0x000000070ae00000, 0x000000070ae00000, 0x000000070af00000|  0%| F|  |TS  0|AC  0|TAMS 0x000000070ae00000, 0x000000070ae00000|
| 175|0x000000070af00000, 0x000000070af00000, 0x000000070b000000|  0%| F|  |TS  0|AC  0|TAMS 0x000000070af00000, 0x000000070af00000|
| 176|0x000000070b000000, 0x000000070b000000, 0x000000070b100000|  0%| F|  |TS  0|AC  0|TAMS 0x000000070b000000, 0x000000070b000000|
| 177|0x000000070b100000, 0x000000070b100000, 0x000000070b200000|  0%| F|  |TS  0|AC  0|TAMS 0x000000070b100000, 0x000000070b100000|
| 178|0x000000070b200000, 0x000000070b200000, 0x000000070b300000|  0%| F|  |TS  0|AC  0|TAMS 0x000000070b200000, 0x000000070b200000|
| 179|0x000000070b300000, 0x000000070b300000, 0x000000070b400000|  0%| F|  |TS  0|AC  0|TAMS 0x000000070b300000, 0x000000070b300000|
| 180|0x000000070b400000, 0x000000070b400000, 0x000000070b500000|  0%| F|  |TS  0|AC  0|TAMS 0x000000070b400000, 0x000000070b400000|
| 181|0x000000070b500000, 0x000000070b500000, 0x000000070b600000|  0%| F|  |TS  0|AC  0|TAMS 0x000000070b500000, 0x000000070b500000|
| 182|0x000000070b600000, 0x000000070b600000, 0x000000070b700000|  0%| F|  |TS  0|AC  0|TAMS 0x000000070b600000, 0x000000070b600000|
| 183|0x000000070b700000, 0x000000070b700000, 0x000000070b800000|  0%| F|  |TS  0|AC  0|TAMS 0x000000070b700000, 0x000000070b700000|
| 184|0x000000070b800000, 0x000000070b800000, 0x000000070b900000|  0%| F|  |TS  0|AC  0|TAMS 0x000000070b800000, 0x000000070b800000|
| 185|0x000000070b900000, 0x000000070b900000, 0x000000070ba00000|  0%| F|  |TS  0|AC  0|TAMS 0x000000070b900000, 0x000000070b900000|
| 186|0x000000070ba00000, 0x000000070ba00000, 0x000000070bb00000|  0%| F|  |TS  0|AC  0|TAMS 0x000000070ba00000, 0x000000070ba00000|
| 187|0x000000070bb00000, 0x000000070bb00000, 0x000000070bc00000|  0%| F|  |TS  0|AC  0|TAMS 0x000000070bb00000, 0x000000070bb00000|
| 188|0x000000070bc00000, 0x000000070bc00000, 0x000000070bd00000|  0%| F|  |TS  0|AC  0|TAMS 0x000000070bc00000, 0x000000070bc00000|
| 189|0x000000070bd00000, 0x000000070bd00000, 0x000000070be00000|  0%| F|  |TS  0|AC  0|TAMS 0x000000070bd00000, 0x000000070bd00000|
| 190|0x000000070be00000, 0x000000070be15c30, 0x000000070bf00000|  8%| E|  |TS  0|AC  0|TAMS 0x000000070be00000, 0x000000070be00000|
| 191|0x000000070bf00000, 0x000000070c000000, 0x000000070c000000|100%| E|CS|TS  0|AC  0|TAMS 0x000000070bf00000, 0x000000070bf00000|
| 192|0x000000070c000000, 0x000000070c100000, 0x000000070c100000|100%| E|CS|TS  0|AC  0|TAMS 0x000000070c000000, 0x000000070c000000|
| 193|0x000000070c100000, 0x000000070c200000, 0x000000070c200000|100%| E|CS|TS  0|AC  0|TAMS 0x000000070c100000, 0x000000070c100000|
| 194|0x000000070c200000, 0x000000070c300000, 0x000000070c300000|100%| E|CS|TS  0|AC  0|TAMS 0x000000070c200000, 0x000000070c200000|
| 195|0x000000070c300000, 0x000000070c400000, 0x000000070c400000|100%| E|CS|TS  0|AC  0|TAMS 0x000000070c300000, 0x000000070c300000|
| 196|0x000000070c400000, 0x000000070c500000, 0x000000070c500000|100%| E|CS|TS  0|AC  0|TAMS 0x000000070c400000, 0x000000070c400000|
| 197|0x000000070c500000, 0x000000070c600000, 0x000000070c600000|100%| E|CS|TS  0|AC  0|TAMS 0x000000070c500000, 0x000000070c500000|
| 198|0x000000070c600000, 0x000000070c700000, 0x000000070c700000|100%| E|CS|TS  0|AC  0|TAMS 0x000000070c600000, 0x000000070c600000|
| 199|0x000000070c700000, 0x000000070c800000, 0x000000070c800000|100%| E|CS|TS  0|AC  0|TAMS 0x000000070c700000, 0x000000070c700000|
| 200|0x000000070c800000, 0x000000070c900000, 0x000000070c900000|100%| E|CS|TS  0|AC  0|TAMS 0x000000070c800000, 0x000000070c800000|
| 201|0x000000070c900000, 0x000000070ca00000, 0x000000070ca00000|100%| E|CS|TS  0|AC  0|TAMS 0x000000070c900000, 0x000000070c900000|
| 202|0x000000070ca00000, 0x000000070cb00000, 0x000000070cb00000|100%| E|CS|TS  0|AC  0|TAMS 0x000000070ca00000, 0x000000070ca00000|
| 203|0x000000070cb00000, 0x000000070cc00000, 0x000000070cc00000|100%| E|CS|TS  0|AC  0|TAMS 0x000000070cb00000, 0x000000070cb00000|
| 204|0x000000070cc00000, 0x000000070cd00000, 0x000000070cd00000|100%| E|CS|TS  0|AC  0|TAMS 0x000000070cc00000, 0x000000070cc00000|
| 205|0x000000070cd00000, 0x000000070ce00000, 0x000000070ce00000|100%| E|CS|TS  0|AC  0|TAMS 0x000000070cd00000, 0x000000070cd00000|
| 206|0x000000070ce00000, 0x000000070cf00000, 0x000000070cf00000|100%| E|CS|TS  0|AC  0|TAMS 0x000000070ce00000, 0x000000070ce00000|
| 207|0x000000070cf00000, 0x000000070d000000, 0x000000070d000000|100%| E|CS|TS  0|AC  0|TAMS 0x000000070cf00000, 0x000000070cf00000|
| 208|0x000000070d000000, 0x000000070d100000, 0x000000070d100000|100%| E|CS|TS  0|AC  0|TAMS 0x000000070d000000, 0x000000070d000000|
| 209|0x000000070d100000, 0x000000070d200000, 0x000000070d200000|100%| E|CS|TS  0|AC  0|TAMS 0x000000070d100000, 0x000000070d100000|
| 210|0x000000070d200000, 0x000000070d300000, 0x000000070d300000|100%| E|CS|TS  0|AC  0|TAMS 0x000000070d200000, 0x000000070d200000|
| 211|0x000000070d300000, 0x000000070d400000, 0x000000070d400000|100%| E|CS|TS  0|AC  0|TAMS 0x000000070d300000, 0x000000070d300000|
| 212|0x000000070d400000, 0x000000070d500000, 0x000000070d500000|100%| E|CS|TS  0|AC  0|TAMS 0x000000070d400000, 0x000000070d400000|
| 213|0x000000070d500000, 0x000000070d600000, 0x000000070d600000|100%| E|CS|TS  0|AC  0|TAMS 0x000000070d500000, 0x000000070d500000|
| 214|0x000000070d600000, 0x000000070d700000, 0x000000070d700000|100%| E|CS|TS  0|AC  0|TAMS 0x000000070d600000, 0x000000070d600000|
| 215|0x000000070d700000, 0x000000070d800000, 0x000000070d800000|100%| E|CS|TS  0|AC  0|TAMS 0x000000070d700000, 0x000000070d700000|
| 216|0x000000070d800000, 0x000000070d900000, 0x000000070d900000|100%| E|CS|TS  0|AC  0|TAMS 0x000000070d800000, 0x000000070d800000|
| 217|0x000000070d900000, 0x000000070da00000, 0x000000070da00000|100%| E|CS|TS  0|AC  0|TAMS 0x000000070d900000, 0x000000070d900000|
| 218|0x000000070da00000, 0x000000070db00000, 0x000000070db00000|100%| E|CS|TS  0|AC  0|TAMS 0x000000070da00000, 0x000000070da00000|
| 219|0x000000070db00000, 0x000000070dc00000, 0x000000070dc00000|100%| E|CS|TS  0|AC  0|TAMS 0x000000070db00000, 0x000000070db00000|
| 220|0x000000070dc00000, 0x000000070dd00000, 0x000000070dd00000|100%| E|CS|TS  0|AC  0|TAMS 0x000000070dc00000, 0x000000070dc00000|
| 221|0x000000070dd00000, 0x000000070de00000, 0x000000070de00000|100%| E|CS|TS  0|AC  0|TAMS 0x000000070dd00000, 0x000000070dd00000|
| 222|0x000000070de00000, 0x000000070df00000, 0x000000070df00000|100%| E|CS|TS  0|AC  0|TAMS 0x000000070de00000, 0x000000070de00000|
| 223|0x000000070df00000, 0x000000070e000000, 0x000000070e000000|100%| E|CS|TS  0|AC  0|TAMS 0x000000070df00000, 0x000000070df00000|

Card table byte_map: [0x0000027122330000,0x0000027122930000] byte_map_base: 0x000002711eb30000

Marking Bits (Prev, Next): (CMBitMap*) 0x0000027123be0a28, (CMBitMap*) 0x0000027123be09f0
 Prev Bits: [0x0000027141080000, 0x0000027144080000)
 Next Bits: [0x000002713e080000, 0x0000027141080000)

Polling page: 0x0000027119730000

CodeHeap 'non-profiled nmethods': size=120064Kb used=27510Kb max_used=27510Kb free=92553Kb
 bounds [0x0000027136b40000, 0x0000027138630000, 0x000002713e080000]
CodeHeap 'profiled nmethods': size=120000Kb used=47771Kb max_used=49410Kb free=72228Kb
 bounds [0x000002712f610000, 0x00000271326e0000, 0x0000027136b40000]
CodeHeap 'non-nmethods': size=5696Kb used=1804Kb max_used=1854Kb free=3891Kb
 bounds [0x000002712f080000, 0x000002712f2f0000, 0x000002712f610000]
 total_blobs=43063 nmethods=20663 adapters=1147
 compilation: enabled

Compilation events (10 events):
Event: 10415.734 Thread 0x00000271230e0800 29125       4       ui.frmwork.w::C (89 bytes)
Event: 10415.749 Thread 0x00000271230e0800 nmethod 29125 0x0000027138612b90 code [0x0000027138612da0, 0x0000027138613c48]
Event: 10419.133 Thread 0x00000271230e0800 29126   !   4       ui.views.waveform.executive.protobuf.WVPrefs$WVTimeValuePrefs::<init> (390 bytes)
Event: 10419.199 Thread 0x00000271230e0800 nmethod 29126 0x0000027138614190 code [0x0000027138614600, 0x0000027138616430]
Event: 10423.418 Thread 0x00000271230e0800 29127       4       sun.awt.geom.AreaOp::pruneEdges (987 bytes)
Event: 10423.729 Thread 0x00000271230e0800 nmethod 29127 0x0000027138617210 code [0x0000027138617660, 0x0000027138620b00]
Event: 10425.795 Thread 0x0000027124170800 29128       1       java.awt.Dialog::isUndecorated (5 bytes)
Event: 10425.795 Thread 0x0000027124170800 nmethod 29128 0x0000027138625390 code [0x0000027138625540, 0x0000027138625658]
Event: 10427.341 Thread 0x0000027124170800 29129       3       java.awt.KeyboardFocusManager$3::<init> (15 bytes)
Event: 10427.341 Thread 0x0000027124170800 nmethod 29129 0x0000027131855610 code [0x00000271318557c0, 0x0000027131855a58]

GC Heap History (10 events):
Event: 10415.405 GC heap before
{Heap before GC invocations=1358 (full 323):
 garbage-first heap   total 229376K, used 82328K [0x0000000700000000, 0x0000000700100700, 0x00000007c0000000)
  region size 1024K, 4 young (4096K), 1 survivors (1024K)
 Metaspace       used 88577K, capacity 91519K, committed 96204K, reserved 1132544K
  class space    used 11692K, capacity 12296K, committed 13260K, reserved 1048576K
}
Event: 10415.697 GC heap after
{Heap after GC invocations=1359 (full 324):
 garbage-first heap   total 229376K, used 70789K [0x0000000700000000, 0x0000000700100700, 0x00000007c0000000)
  region size 1024K, 0 young (0K), 0 survivors (0K)
 Metaspace       used 88577K, capacity 91519K, committed 96204K, reserved 1132544K
  class space    used 11692K, capacity 12296K, committed 13260K, reserved 1048576K
}
Event: 10415.873 GC heap before
{Heap before GC invocations=1359 (full 324):
 garbage-first heap   total 229376K, used 86149K [0x0000000700000000, 0x0000000700100700, 0x00000007c0000000)
  region size 1024K, 7 young (7168K), 0 survivors (0K)
 Metaspace       used 88577K, capacity 91519K, committed 96204K, reserved 1132544K
  class space    used 11692K, capacity 12296K, committed 13260K, reserved 1048576K
}
Event: 10416.167 GC heap after
{Heap after GC invocations=1360 (full 325):
 garbage-first heap   total 229376K, used 70908K [0x0000000700000000, 0x0000000700100700, 0x00000007c0000000)
  region size 1024K, 0 young (0K), 0 survivors (0K)
 Metaspace       used 88577K, capacity 91519K, committed 96204K, reserved 1132544K
  class space    used 11692K, capacity 12296K, committed 13260K, reserved 1048576K
}
Event: 10418.611 GC heap before
{Heap before GC invocations=1360 (full 325):
 garbage-first heap   total 229376K, used 78076K [0x0000000700000000, 0x0000000700100700, 0x00000007c0000000)
  region size 1024K, 5 young (5120K), 0 survivors (0K)
 Metaspace       used 88577K, capacity 91519K, committed 96204K, reserved 1132544K
  class space    used 11692K, capacity 12296K, committed 13260K, reserved 1048576K
}
Event: 10418.900 GC heap after
{Heap after GC invocations=1361 (full 326):
 garbage-first heap   total 229376K, used 70575K [0x0000000700000000, 0x0000000700100700, 0x00000007c0000000)
  region size 1024K, 0 young (0K), 0 survivors (0K)
 Metaspace       used 88577K, capacity 91519K, committed 96204K, reserved 1132544K
  class space    used 11692K, capacity 12296K, committed 13260K, reserved 1048576K
}
Event: 10419.769 GC heap before
{Heap before GC invocations=1361 (full 326):
 garbage-first heap   total 229376K, used 78767K [0x0000000700000000, 0x0000000700100700, 0x00000007c0000000)
  region size 1024K, 3 young (3072K), 0 survivors (0K)
 Metaspace       used 88577K, capacity 91519K, committed 96204K, reserved 1132544K
  class space    used 11692K, capacity 12296K, committed 13260K, reserved 1048576K
}
Event: 10420.058 GC heap after
{Heap after GC invocations=1362 (full 327):
 garbage-first heap   total 229376K, used 70566K [0x0000000700000000, 0x0000000700100700, 0x00000007c0000000)
  region size 1024K, 0 young (0K), 0 survivors (0K)
 Metaspace       used 88577K, capacity 91519K, committed 96204K, reserved 1132544K
  class space    used 11692K, capacity 12296K, committed 13260K, reserved 1048576K
}
Event: 10421.979 GC heap before
{Heap before GC invocations=1362 (full 327):
 garbage-first heap   total 229376K, used 79782K [0x0000000700000000, 0x0000000700100700, 0x00000007c0000000)
  region size 1024K, 4 young (4096K), 0 survivors (0K)
 Metaspace       used 88577K, capacity 91519K, committed 96204K, reserved 1132544K
  class space    used 11692K, capacity 12296K, committed 13260K, reserved 1048576K
}
Event: 10422.274 GC heap after
{Heap after GC invocations=1363 (full 328):
 garbage-first heap   total 229376K, used 70572K [0x0000000700000000, 0x0000000700100700, 0x00000007c0000000)
  region size 1024K, 0 young (0K), 0 survivors (0K)
 Metaspace       used 88577K, capacity 91519K, committed 96204K, reserved 1132544K
  class space    used 11692K, capacity 12296K, committed 13260K, reserved 1048576K
}

Deoptimization events (10 events):
Event: 10084.416 Thread 0x0000027144f9f000 Uncommon trap: reason=unstable_if action=reinterpret pc=0x00000271380878d0 method=java.awt.geom.Area.pathToCurves(Ljava/awt/geom/PathIterator;)Ljava/util/Vector; @ 258 c2
Event: 10084.416 Thread 0x0000027144f9f000 Uncommon trap: reason=unstable_if action=reinterpret pc=0x0000027138173a44 method=sun.awt.geom.Edge.compareTo(Lsun/awt/geom/Edge;[D)I @ 5 c2
Event: 10115.121 Thread 0x0000027144f9f000 Uncommon trap: reason=unstable_if action=reinterpret pc=0x0000027137e7fe60 method=com.jidesoft.plaf.basic.BasicJideTabbedPaneUI$TabbedPaneLayout.calculateSize(Z)Ljava/awt/Dimension; @ 526 c2
Event: 10115.258 Thread 0x0000027144f9f000 Uncommon trap: reason=unstable_if action=reinterpret pc=0x00000271376a6274 method=ui.views.S.b.y.isHighlighted(Ljava/awt/Component;Lorg/jdesktop/swingx/decorator/ComponentAdapter;)Z @ 91 c2
Event: 10115.292 Thread 0x0000027144f9f000 Uncommon trap: reason=unstable_if action=reinterpret pc=0x0000027138018048 method=javax.swing.tree.VariableHeightLayoutCache.ensurePathIsExpanded(Ljavax/swing/tree/TreePath;Z)V @ 40 c2
Event: 10118.613 Thread 0x0000027144f9f000 Uncommon trap: reason=bimorphic_or_optimized_type_check action=maybe_recompile pc=0x000002713853e0ec method=javax.swing.JViewport.setViewPosition(Ljava/awt/Point;)V @ 342 c2
Event: 10118.614 Thread 0x0000027144f9f000 Uncommon trap: reason=unstable_if action=reinterpret pc=0x0000027137fc7e10 method=javax.swing.ViewportLayout.layoutContainer(Ljava/awt/Container;)V @ 295 c2
Event: 10119.101 Thread 0x0000027144f9f000 Uncommon trap: reason=bimorphic_or_optimized_type_check action=maybe_recompile pc=0x000002713853e0ec method=javax.swing.JViewport.setViewPosition(Ljava/awt/Point;)V @ 342 c2
Event: 10119.857 Thread 0x0000027144f9f000 Uncommon trap: reason=bimorphic_or_optimized_type_check action=maybe_recompile pc=0x000002713853e0ec method=javax.swing.JViewport.setViewPosition(Ljava/awt/Point;)V @ 342 c2
Event: 10299.107 Thread 0x0000027144f9f000 Uncommon trap: reason=unstable_if action=reinterpret pc=0x00000271376e0e00 method=javax.swing.JComponent.processKeyBindings(Ljava/awt/event/KeyEvent;Z)Z @ 186 c2

Classes redefined (0 events):
No events

Internal exceptions (10 events):
Event: 10078.213 Thread 0x0000027144f9f000 Exception <a 'sun/nio/fs/WindowsException'{0x000000070aec4d30}> (0x000000070aec4d30) thrown at [t:/workspace/hotspot/src/share/vm/prims/jni.cpp, line 604]
Event: 10078.213 Thread 0x0000027144f9f000 Exception <a 'sun/nio/fs/WindowsException'{0x000000070aec5060}> (0x000000070aec5060) thrown at [t:/workspace/hotspot/src/share/vm/prims/jni.cpp, line 604]
Event: 10084.181 Thread 0x0000027144f9f000 Implicit null exception at 0x00000271370c54cb to 0x00000271370c5c81
Event: 10084.181 Thread 0x0000027144f9f000 Implicit null exception at 0x0000027137b30307 to 0x0000027137b303dd
Event: 10084.181 Thread 0x0000027144f9f000 Implicit null exception at 0x0000027138332b67 to 0x0000027138334ce5
Event: 10084.241 Thread 0x0000027144f9f000 Implicit null exception at 0x0000027137592490 to 0x0000027137594579
Event: 10115.258 Thread 0x0000027144f9f000 Implicit null exception at 0x00000271376a4751 to 0x00000271376a6235
Event: 10115.292 Thread 0x0000027144f9f000 Implicit null exception at 0x0000027138017e44 to 0x0000027138018039
Event: 10119.927 Thread 0x0000027144f9f000 Exception <a 'sun/nio/fs/WindowsException'{0x000000070caa5620}> (0x000000070caa5620) thrown at [t:/workspace/hotspot/src/share/vm/prims/jni.cpp, line 604]
Event: 10119.927 Thread 0x0000027144f9f000 Exception <a 'sun/nio/fs/WindowsException'{0x000000070caa5950}> (0x000000070caa5950) thrown at [t:/workspace/hotspot/src/share/vm/prims/jni.cpp, line 604]

Events (10 events):
Event: 10425.793 Executing VM operation: RevokeBias
Event: 10425.794 Executing VM operation: RevokeBias done
Event: 10425.825 Thread 0x0000027145474000 Thread added: 0x0000027145474000
Event: 10425.831 Executing VM operation: RevokeBias
Event: 10425.831 Executing VM operation: RevokeBias done
Event: 10425.831 Thread 0x0000027145474000 Thread exited: 0x0000027145474000
Event: 10426.306 Thread 0x0000027145471800 Thread added: 0x0000027145471800
Event: 10426.313 Thread 0x0000027145471800 Thread exited: 0x0000027145471800
Event: 10427.307 Thread 0x0000027145472800 Thread added: 0x0000027145472800
Event: 10427.317 Thread 0x0000027145472800 Thread exited: 0x0000027145472800


Dynamic libraries:
0x00007ff7f52b0000 - 0x00007ff7f52e0000 	C:\Xilinx\Vivado\2019.1\bin\unwrapped\win64.o\vivado.exe
0x00007ff9988a0000 - 0x00007ff998a81000 	C:\windows\SYSTEM32\ntdll.dll
0x00007ff9987b0000 - 0x00007ff998861000 	C:\windows\System32\KERNEL32.DLL
0x00007ff995950000 - 0x00007ff995bc3000 	C:\windows\System32\KERNELBASE.dll
0x00007ff994db0000 - 0x00007ff994ea8000 	C:\windows\System32\ucrtbase.dll
0x00007ff98b220000 - 0x00007ff98b234000 	C:\Xilinx\Vivado\2019.1\lib\win64.o\libboost_signals.dll
0x00007ff96e870000 - 0x00007ff96f752000 	C:\Xilinx\Vivado\2019.1\lib\win64.o\librdi_common.dll
0x00007ff996920000 - 0x00007ff996ab0000 	C:\windows\System32\USER32.dll
0x00007ff98b1d0000 - 0x00007ff98b1e4000 	C:\Xilinx\Vivado\2019.1\lib\win64.o\librdi_commonmain.dll
0x00007ff995bd0000 - 0x00007ff995bf0000 	C:\windows\System32\win32u.dll
0x00007ff9981c0000 - 0x00007ff9981e8000 	C:\windows\System32\GDI32.dll
0x00007ff9957b0000 - 0x00007ff995941000 	C:\windows\System32\gdi32full.dll
0x00007ff983bd0000 - 0x00007ff983c6d000 	C:\windows\SYSTEM32\MSVCP140.dll
0x00007ff994d10000 - 0x00007ff994daf000 	C:\windows\System32\msvcp_win.dll
0x00007ff998110000 - 0x00007ff9981b1000 	C:\windows\System32\ADVAPI32.dll
0x00007ff991c30000 - 0x00007ff991c47000 	C:\windows\SYSTEM32\VCRUNTIME140.dll
0x00007ff9962a0000 - 0x00007ff99633e000 	C:\windows\System32\msvcrt.dll
0x00007ff995d20000 - 0x00007ff995d7b000 	C:\windows\System32\sechost.dll
0x00007ff9967f0000 - 0x00007ff996914000 	C:\windows\System32\RPCRT4.dll
0x00007ff996cc0000 - 0x00007ff998105000 	C:\windows\System32\SHELL32.dll
0x00007ff995c50000 - 0x00007ff995c99000 	C:\windows\System32\cfgmgr32.dll
0x00007ff971720000 - 0x00007ff971a8e000 	C:\Xilinx\Vivado\2019.1\lib\win64.o\libCOIN-all.dll
0x00007ff9966e0000 - 0x00007ff996789000 	C:\windows\System32\shcore.dll
0x00007ff995f70000 - 0x00007ff996291000 	C:\windows\System32\combase.dll
0x00007ff995ca0000 - 0x00007ff995d19000 	C:\windows\System32\bcryptPrimitives.dll
0x00007ff989100000 - 0x00007ff989114000 	C:\Xilinx\Vivado\2019.1\lib\win64.o\libboost_date_time.dll
0x00007ff994eb0000 - 0x00007ff9955c0000 	C:\windows\System32\windows.storage.dll
0x00007ff996b40000 - 0x00007ff996b91000 	C:\windows\System32\shlwapi.dll
0x00007ff994c40000 - 0x00007ff994c51000 	C:\windows\System32\kernel.appcore.dll
0x00007ff9890d0000 - 0x00007ff9890f6000 	C:\Xilinx\Vivado\2019.1\lib\win64.o\libboost_filesystem.dll
0x00007ff994ba0000 - 0x00007ff994bbf000 	C:\windows\System32\profapi.dll
0x00007ff994bf0000 - 0x00007ff994c3c000 	C:\windows\System32\powrprof.dll
0x00007ff994be0000 - 0x00007ff994bea000 	C:\windows\System32\FLTLIB.DLL
0x00007ff9860d0000 - 0x00007ff98614f000 	C:\Xilinx\Vivado\2019.1\lib\win64.o\libboost_program_options.dll
0x00007ff9743e0000 - 0x00007ff9744f4000 	C:\Xilinx\Vivado\2019.1\lib\win64.o\libboost_regex.dll
0x00007ff990e90000 - 0x00007ff990e9b000 	C:\Xilinx\Vivado\2019.1\lib\win64.o\libboost_system.dll
0x00007ff9860a0000 - 0x00007ff9860c1000 	C:\Xilinx\Vivado\2019.1\lib\win64.o\libboost_thread.dll
0x00007ff98fe20000 - 0x00007ff98fe2f000 	C:\Xilinx\Vivado\2019.1\lib\win64.o\libboost_xilinx.dll
0x00007ff971690000 - 0x00007ff971712000 	C:\Xilinx\Vivado\2019.1\lib\win64.o\libhdlpsolve.dll
0x00007ff9715e0000 - 0x00007ff971685000 	C:\Xilinx\Vivado\2019.1\lib\win64.o\libhdxml.dll
0x00007ff9747b0000 - 0x00007ff9747de000 	C:\Xilinx\Vivado\2019.1\lib\win64.o\libisl_sysinfo.dll
0x00007ff96dcc0000 - 0x00007ff96e86f400 	C:\Xilinx\Vivado\2019.1\lib\win64.o\libisl_iostreams.dll
0x00007ff996660000 - 0x00007ff9966cc000 	C:\windows\System32\WS2_32.dll
0x00007ff974370000 - 0x00007ff9743d5000 	C:\Xilinx\Vivado\2019.1\lib\win64.o\liblmx6.0.dll
0x00007ff9890b0000 - 0x00007ff9890ca000 	C:\Xilinx\Vivado\2019.1\lib\win64.o\pthreadVC2.dll
0x00007ff9714b0000 - 0x00007ff9715d1000 	C:\Xilinx\Vivado\2019.1\lib\win64.o\librdi_commonxillic.dll
0x00007ff983bb0000 - 0x00007ff983bcc000 	C:\Xilinx\Vivado\2019.1\lib\win64.o\librdiconfig.dll
0x00007ff974140000 - 0x00007ff974161000 	C:\Xilinx\Vivado\2019.1\lib\win64.o\librdizlib.dll
0x000000006c440000 - 0x000000006c56b000 	C:\Xilinx\Vivado\2019.1\lib\win64.o\tcl85t.dll
0x0000000012000000 - 0x0000000012270000 	C:\Xilinx\Vivado\2019.1\lib\win64.o\xerces-c_3_1.dll
0x00007ff98b630000 - 0x00007ff98b63a000 	C:\Xilinx\Vivado\2019.1\lib\win64.o\librdi_commonversion.dll
0x00007ff98d800000 - 0x00007ff98d817000 	C:\windows\SYSTEM32\NETAPI32.dll
0x00007ff987500000 - 0x00007ff9879bd000 	C:\windows\SYSTEM32\WININET.dll
0x00007ff98f4c0000 - 0x00007ff98f59d000 	C:\windows\SYSTEM32\WINHTTP.dll
0x00007ff98d110000 - 0x00007ff98d2dd000 	C:\windows\SYSTEM32\urlmon.dll
0x00007ff991ff0000 - 0x00007ff991ff9000 	C:\windows\SYSTEM32\WSOCK32.dll
0x00007ff96b350000 - 0x00007ff96c1e1000 	C:\Xilinx\Vivado\2019.1\lib\win64.o\gurobi65.dll
0x00007ff971480000 - 0x00007ff9714ae000 	C:\windows\SYSTEM32\VCOMP140.DLL
0x00007ff98b1c0000 - 0x00007ff98b1cd000 	C:\Xilinx\Vivado\2019.1\lib\win64.o\libboost_chrono.dll
0x00007ff974090000 - 0x00007ff9740ab000 	C:\Xilinx\Vivado\2019.1\lib\win64.o\libboost_iostreams.dll
0x00007ff9713b0000 - 0x00007ff9713d5000 	C:\Xilinx\Vivado\2019.1\lib\win64.o\libisl_iosutils.dll
0x00007ff970e20000 - 0x00007ff9710f8000 	C:\Xilinx\Vivado\2019.1\lib\win64.o\libXil_lmgr11.dll
0x00007ff996bd0000 - 0x00007ff996cbd000 	C:\windows\System32\COMDLG32.dll
0x00007ff995e00000 - 0x00007ff995ec2000 	C:\windows\System32\OLEAUT32.dll
0x00007ff9981f0000 - 0x00007ff998341000 	C:\windows\System32\ole32.dll
0x00007ff995bf0000 - 0x00007ff995c47000 	C:\windows\System32\WINTRUST.dll
0x00007ff994bc0000 - 0x00007ff994bd2000 	C:\windows\System32\MSASN1.dll
0x00007ff9955c0000 - 0x00007ff9957a2000 	C:\windows\System32\CRYPT32.dll
0x00007ff98c890000 - 0x00007ff98cb37000 	C:\windows\SYSTEM32\iertutil.dll
0x00007ff984f90000 - 0x00007ff985037000 	C:\windows\WinSxS\amd64_microsoft.windows.common-controls_6595b64144ccf1df_5.82.17134.1304_none_557670e9265f1405\COMCTL32.dll
0x00007ff9915f0000 - 0x00007ff99160a000 	C:\windows\SYSTEM32\dhcpcsvc.DLL
0x00007ff9966d0000 - 0x00007ff9966d8000 	C:\windows\System32\NSI.dll
0x00007ff9941b0000 - 0x00007ff9941be000 	C:\windows\SYSTEM32\NETUTILS.DLL
0x00007ff9945f0000 - 0x00007ff9945fb000 	C:\windows\SYSTEM32\CRYPTBASE.DLL
0x00007ff996ba0000 - 0x00007ff996bcd000 	C:\windows\System32\IMM32.DLL
0x00007ff970900000 - 0x00007ff970e17000 	C:\Xilinx\Vivado\2019.1\lib\win64.o\librdi_commontasks.dll
0x000000006ba10000 - 0x000000006c435000 	C:\Xilinx\Vivado\2019.1\tps\win64\jre9.0.4\bin\server\jvm.dll
0x00007ff996ab0000 - 0x00007ff996ab8000 	C:\windows\System32\PSAPI.DLL
0x00007ff96da30000 - 0x00007ff96dcb6000 	C:\Xilinx\Vivado\2019.1\lib\win64.o\librdi_sio.dll
0x00007ff98e660000 - 0x00007ff98e66a000 	C:\windows\SYSTEM32\VERSION.dll
0x00007ff991fc0000 - 0x00007ff991fe3000 	C:\windows\SYSTEM32\WINMM.dll
0x00007ff96f8f0000 - 0x00007ff96f9df000 	C:\Xilinx\Vivado\2019.1\tps\win64\jre9.0.4\bin\MSVCR120.dll
0x00007ff994170000 - 0x00007ff9941a8000 	C:\windows\SYSTEM32\IPHLPAPI.DLL
0x00007ff991ed0000 - 0x00007ff991efa000 	C:\windows\SYSTEM32\WINMMBASE.dll
0x00007ff994420000 - 0x00007ff994486000 	C:\windows\SYSTEM32\MSWSOCK.DLL
0x00007ff962300000 - 0x00007ff9647bc000 	C:\Xilinx\Vivado\2019.1\lib\win64.o\librdi_tcltasks.dll
0x00007ff96d620000 - 0x00007ff96da28000 	C:\Xilinx\Vivado\2019.1\lib\win64.o\librdi_bitstream.dll
0x00007ff96d480000 - 0x00007ff96d611000 	C:\Xilinx\Vivado\2019.1\lib\win64.o\librdi_board.dll
0x00007ff971330000 - 0x00007ff9713a8000 	C:\Xilinx\Vivado\2019.1\lib\win64.o\librdi_boarddep.dll
0x00007ff96d390000 - 0x00007ff96d47b000 	C:\Xilinx\Vivado\2019.1\lib\win64.o\librdi_chipscope.dll
0x00007ff96d1d0000 - 0x00007ff96d38d000 	C:\Xilinx\Vivado\2019.1\lib\win64.o\librdi_chipscopeimpl.dll
0x00007ff96d070000 - 0x00007ff96d1c6000 	C:\Xilinx\Vivado\2019.1\lib\win64.o\librdi_containers.dll
0x00007ff95fd60000 - 0x00007ff96043a000 	C:\Xilinx\Vivado\2019.1\lib\win64.o\librdi_coregenipxact.dll
0x00007ff960440000 - 0x00007ff9622f1000 	C:\Xilinx\Vivado\2019.1\lib\win64.o\librdi_coregen.dll
0x00007ff95bd10000 - 0x00007ff95fd53000 	C:\Xilinx\Vivado\2019.1\lib\win64.o\librdi_designutils.dll
0x00007ff96b030000 - 0x00007ff96b34e000 	C:\Xilinx\Vivado\2019.1\lib\win64.o\librdi_dlyest.dll
0x00007ff947950000 - 0x00007ff947eea000 	C:\Xilinx\Vivado\2019.1\lib\win64.o\librdi_drc.dll
0x00007ff970830000 - 0x00007ff9708f4000 	C:\Xilinx\Vivado\2019.1\lib\win64.o\librdi_dsp.dll
0x00007ff947300000 - 0x00007ff94794d000 	C:\Xilinx\Vivado\2019.1\lib\win64.o\librdi_filemgmt.dll
0x00007ff947010000 - 0x00007ff9472f3000 	C:\Xilinx\Vivado\2019.1\lib\win64.o\librdi_guitools.dll
0x00007ff96d000000 - 0x00007ff96d065000 	C:\Xilinx\Vivado\2019.1\lib\win64.o\librdi_hdf.dll
0x00007ff945a50000 - 0x00007ff947010000 	C:\Xilinx\Vivado\2019.1\lib\win64.o\librdi_implflow.dll
0x00007ff945430000 - 0x00007ff945a45000 	C:\Xilinx\Vivado\2019.1\lib\win64.o\librdi_memdata.dll
0x00007ff96cf80000 - 0x00007ff96cff3000 	C:\Xilinx\Vivado\2019.1\lib\win64.o\librdi_memoryarray.dll
0x00007ff947ef0000 - 0x00007ff95a31c000 	C:\Xilinx\Vivado\2019.1\lib\win64.o\librdi_device.dll
0x00007ff942090000 - 0x00007ff942732000 	C:\Xilinx\Vivado\2019.1\lib\win64.o\librdi_netlist.dll
0x00007ff96f7c0000 - 0x00007ff96f80b000 	C:\Xilinx\Vivado\2019.1\lib\win64.o\librdi_pfi.dll
0x00007ff95a320000 - 0x00007ff95bd0a000 	C:\Xilinx\Vivado\2019.1\lib\win64.o\librdi_constraints.dll
0x00007ff942740000 - 0x00007ff945426000 	C:\Xilinx\Vivado\2019.1\lib\win64.o\librdi_mig.dll
0x00007ff93f700000 - 0x00007ff93fa0f000 	C:\Xilinx\Vivado\2019.1\lib\win64.o\librdi_platform.dll
0x00007ff93efb0000 - 0x00007ff93f6fa000 	C:\Xilinx\Vivado\2019.1\lib\win64.o\librdi_power.dll
0x00007ff93fa10000 - 0x00007ff942086000 	C:\Xilinx\Vivado\2019.1\lib\win64.o\librdi_place.dll
0x00007ff93ea30000 - 0x00007ff93efaf000 	C:\Xilinx\Vivado\2019.1\lib\win64.o\librdi_project.dll
0x00007ff93e320000 - 0x00007ff93ea29000 	C:\Xilinx\Vivado\2019.1\lib\win64.o\librdi_psta.dll
0x00007ff93dc10000 - 0x00007ff93e316000 	C:\Xilinx\Vivado\2019.1\lib\win64.o\librdi_rsb.dll
0x00007ff93d810000 - 0x00007ff93dc01000 	C:\Xilinx\Vivado\2019.1\lib\win64.o\librdi_runs.dll
0x00007ff96ce80000 - 0x00007ff96cf7a000 	C:\Xilinx\Vivado\2019.1\lib\win64.o\librdi_runsbase.dll
0x00007ff96add0000 - 0x00007ff96b026000 	C:\Xilinx\Vivado\2019.1\lib\win64.o\librdi_simdata.dll
0x00007ff93c870000 - 0x00007ff93c9e2000 	C:\Xilinx\Vivado\2019.1\lib\win64.o\librdi_advchipscopeimpl.dll
0x00007ff93c9f0000 - 0x00007ff93d801000 	C:\Xilinx\Vivado\2019.1\lib\win64.o\librdi_timing.dll
0x00007ff93c6d0000 - 0x00007ff93c86f000 	C:\Xilinx\Vivado\2019.1\lib\win64.o\librdi_hip_devdesign.dll
0x00007ff96ad80000 - 0x00007ff96adc3000 	C:\Xilinx\Vivado\2019.1\lib\win64.o\librdi_noc_frameworks.dll
0x00007ff93bb30000 - 0x00007ff93bb7c000 	C:\Xilinx\Vivado\2019.1\lib\win64.o\libboost_serialization.dll
0x00007ff93b740000 - 0x00007ff93bb25000 	C:\Xilinx\Vivado\2019.1\lib\win64.o\librdi_hip_config.dll
0x00007ff93bb80000 - 0x00007ff93c6c7000 	C:\Xilinx\Vivado\2019.1\lib\win64.o\libverific.dll
0x00007ff93b150000 - 0x00007ff93b1ee000 	C:\Xilinx\Vivado\2019.1\lib\win64.o\libise.dll
0x00007ff93b1f0000 - 0x00007ff93b73e000 	C:\Xilinx\Vivado\2019.1\lib\win64.o\librdi_xdm.dll
0x00007ff96ff30000 - 0x00007ff96ff70000 	C:\Xilinx\Vivado\2019.1\lib\win64.o\librdi_wavedata_SimpleApi.dll

VM Arguments:
jvm_args: -Dsun.java2d.pmoffscreen=false -Dsun.java2d.xrender=false -Dsun.java2d.d3d=false -Dsun.awt.nopixfmt=true -Dsun.java2d.dpiaware=true -Dsun.java2d.uiScale.enabled=false -Xverify:none -Dswing.aatext=true -XX:-UsePerfData -Djdk.map.althashing.threshold=512 -XX:StringTableSize=4072 --add-opens=java.base/java.nio=ALL-UNNAMED --add-opens=java.desktop/sun.swing=ALL-UNNAMED --add-opens=java.desktop/javax.swing=ALL-UNNAMED --add-opens=java.desktop/javax.swing.tree=ALL-UNNAMED --add-opens=java.desktop/javax.swing.plaf.basic=ALL-UNNAMED --add-opens=java.desktop/javax.swing.plaf.synth=ALL-UNNAMED --add-opens=java.desktop/com.sun.awt=ALL-UNNAMED -XX:NewSize=60m -XX:MaxNewSize=60m -Xms128m -Xmx3072m -Xss5m 
java_command: <unknown>
java_class_path (initial): C:/Xilinx/Vivado/2019.1\lib\classes\alloy.jar;C:/Xilinx/Vivado/2019.1\lib\classes\autopilot.scelaborator.jar;C:/Xilinx/Vivado/2019.1\lib\classes\autopilot.sourceprocessor.jar;C:/Xilinx/Vivado/2019.1\lib\classes\autopilot.tbprocessor.jar;C:/Xilinx/Vivado/2019.1\lib\classes\batik-anim.jar;C:/Xilinx/Vivado/2019.1\lib\classes\batik-awt-util.jar;C:/Xilinx/Vivado/2019.1\lib\classes\batik-bridge.jar;C:/Xilinx/Vivado/2019.1\lib\classes\batik-codec.jar;C:/Xilinx/Vivado/2019.1\lib\classes\batik-css.jar;C:/Xilinx/Vivado/2019.1\lib\classes\batik-dom.jar;C:/Xilinx/Vivado/2019.1\lib\classes\batik-ext.jar;C:/Xilinx/Vivado/2019.1\lib\classes\batik-gui-util.jar;C:/Xilinx/Vivado/2019.1\lib\classes\batik-gvt.jar;C:/Xilinx/Vivado/2019.1\lib\classes\batik-parser.jar;C:/Xilinx/Vivado/2019.1\lib\classes\batik-script.jar;C:/Xilinx/Vivado/2019.1\lib\classes\batik-svg-dom.jar;C:/Xilinx/Vivado/2019.1\lib\classes\batik-swing.jar;C:/Xilinx/Vivado/2019.1\lib\classes\batik-transcoder.jar;C:/Xilinx/Vivado/2019.1\lib\classes\batik-util.jar;C:/Xilinx/Vivado/2019.1\lib\classes\batik-xml.jar;C:/Xilinx/Vivado/2019.1\lib\classes\com.google.gson_2.7.0.v20170129-0911.jar;C:/Xilinx/Vivado/2019.1\lib\classes\com.google.guava_21.0.0.v20170206-1425.jar;C:/Xilinx/Vivado/2019.1\lib\classes\com.google.inject_3.0.0.v201605172100.jar;C:/Xilinx/Vivado/2019.1\lib\classes\com.ibm.icu_4.4.2.v20110208.jar;C:/Xilinx/Vivado/2019.1\lib\classes\com.sigasi.hdt.annotations.runtime_4.3.0.201903071210.jar;C:/Xilinx/Vivado/2019.1\lib\classes\com.sigasi.hdt.blockdiagram.model_4.3.0.201903071210.jar;C:/Xilinx/Vivado/2019.1\lib\classes\com.sigasi.hdt.connection_4.3.0.201903071210.jar;C:/Xilinx/Vivado/2019.1\lib\classes\com.sigasi.hdt.dependencies.model_4.3.0.201903071210.jar;C:/Xilinx/Vivado/2019.1\lib\classes\com.sigasi.hdt.epl_4.3.0.201903071210.jar;C:/Xilinx/Vivado/2019.1\lib\classes\com.sigasi.hdt.graphics.model_4.3.0.201903071210.jar;C:/Xilinx/Vivado/2019.1\lib\classes\com.sigasi.hdt.project_4.3.0
Launcher Type: generic

Logging:
Log output configuration:
#0: stdout all=warning uptime,level,tags
#1: stderr all=off uptime,level,tags

Environment Variables:
PATH=C:/Xilinx/Vivado/2019.1/bin;C:/Xilinx/Vivado/2019.1/lib/win64.o;C:/Xilinx/Vivado/2019.1/tps/win64/jre9.0.4/bin/server;C:/Xilinx/Vivado/2019.1/tps/win64/jre9.0.4/bin;C:/Xilinx/SDK/2019.1/bin;C:/Xilinx/Vivado/2019.1/ids_lite/ISE/bin/nt64;C:/Xilinx/Vivado/2019.1/ids_lite/ISE/lib/nt64;C:\windows\system32;C:\windows;C:\windows\System32\Wbem;C:\windows\System32\WindowsPowerShell\v1.0\;C:\windows\System32\OpenSSH\;C:\ProgramData\chocolatey\bin;C:\Users\tng305\AppData\Local\Microsoft\WindowsApps;;C:/Xilinx/Vivado/2019.1\tps\mingw\6.2.0\win64.o\nt\bin;C:/Xilinx/Vivado/2019.1\tps\mingw\6.2.0\win64.o\nt\libexec\gcc\x86_64-w64-mingw32\6.2.0;C:/Xilinx/Vivado/2019.1\tps\win64\python-2.7.5;C:/Xilinx/Vivado/2019.1\tps\win64\python-2.7.5\lib;C:/Xilinx/Vivado/2019.1\tps\win64\python-2.7.5\Lib\lib-tk;C:/Xilinx/Vivado/2019.1\tps\win64\python-2.7.5\lib\site-packages
USERNAME=tng305
OS=Windows_NT
PROCESSOR_IDENTIFIER=Intel64 Family 6 Model 23 Stepping 10, GenuineIntel



---------------  S Y S T E M  ---------------

OS: Windows 10 , 64 bit Build 17134 (10.0.17134.753)

CPU:total 2 (initial active 2) (2 cores per cpu, 1 threads per core) family 6 model 23 stepping 10, cmov, cx8, fxsr, mmx, sse, sse2, sse3, ssse3, sse4.1, tsc

Memory: 4k page, physical 4060764k(1186656k free), swap 5344756k(1234692k free)

vm_info: Java HotSpot(TM) 64-Bit Server VM (9.0.4+11) for windows-amd64 JRE (9.0.4+11), built on Dec 20 2017 02:18:54 by "mach5one" with MS VC++ 12.0 (VS2013)

END.
